{"total": {"lines":{"total":1011,"covered":845,"skipped":0,"pct":83.58},"statements":{"total":1196,"covered":966,"skipped":0,"pct":80.76},"functions":{"total":296,"covered":242,"skipped":0,"pct":81.75},"branches":{"total":641,"covered":453,"skipped":0,"pct":70.67},"branchesTrue":{"total":0,"covered":0,"skipped":0,"pct":100}}
,"C:\\Users\\gomez\\repos\\THESIS\\v.a.m.s\\src\\core\\store\\callbacks-slice.ts": {"lines":{"total":11,"covered":9,"skipped":0,"pct":81.81},"functions":{"total":8,"covered":6,"skipped":0,"pct":75},"statements":{"total":14,"covered":11,"skipped":0,"pct":78.57},"branches":{"total":2,"covered":2,"skipped":0,"pct":100}}
,"C:\\Users\\gomez\\repos\\THESIS\\v.a.m.s\\src\\core\\store\\history-slice.ts": {"lines":{"total":45,"covered":38,"skipped":0,"pct":84.44},"functions":{"total":15,"covered":13,"skipped":0,"pct":86.66},"statements":{"total":48,"covered":41,"skipped":0,"pct":85.41},"branches":{"total":12,"covered":9,"skipped":0,"pct":75}}
,"C:\\Users\\gomez\\repos\\THESIS\\v.a.m.s\\src\\core\\store\\lesson-slice.ts": {"lines":{"total":15,"covered":10,"skipped":0,"pct":66.66},"functions":{"total":10,"covered":4,"skipped":0,"pct":40},"statements":{"total":17,"covered":11,"skipped":0,"pct":64.7},"branches":{"total":14,"covered":9,"skipped":0,"pct":64.28}}
,"C:\\Users\\gomez\\repos\\THESIS\\v.a.m.s\\src\\core\\store\\runtime-slice.ts": {"lines":{"total":8,"covered":6,"skipped":0,"pct":75},"functions":{"total":7,"covered":5,"skipped":0,"pct":71.42},"statements":{"total":10,"covered":8,"skipped":0,"pct":80},"branches":{"total":2,"covered":2,"skipped":0,"pct":100}}
,"C:\\Users\\gomez\\repos\\THESIS\\v.a.m.s\\src\\entities\\project\\model\\project-io.ts": {"lines":{"total":137,"covered":91,"skipped":0,"pct":66.42},"functions":{"total":50,"covered":39,"skipped":0,"pct":78},"statements":{"total":167,"covered":110,"skipped":0,"pct":65.86},"branches":{"total":135,"covered":92,"skipped":0,"pct":68.14}}
,"C:\\Users\\gomez\\repos\\THESIS\\v.a.m.s\\src\\entities\\scene\\model\\interaction-slice.ts": {"lines":{"total":3,"covered":1,"skipped":0,"pct":33.33},"functions":{"total":3,"covered":1,"skipped":0,"pct":33.33},"statements":{"total":4,"covered":2,"skipped":0,"pct":50},"branches":{"total":0,"covered":0,"skipped":0,"pct":100}}
,"C:\\Users\\gomez\\repos\\THESIS\\v.a.m.s\\src\\entities\\scene\\model\\scene-slice.ts": {"lines":{"total":295,"covered":232,"skipped":0,"pct":78.64},"functions":{"total":140,"covered":115,"skipped":0,"pct":82.14},"statements":{"total":392,"covered":293,"skipped":0,"pct":74.74},"branches":{"total":213,"covered":126,"skipped":0,"pct":59.15}}
,"C:\\Users\\gomez\\repos\\THESIS\\v.a.m.s\\src\\entities\\scene\\model\\viewport-slice.ts": {"lines":{"total":4,"covered":2,"skipped":0,"pct":50},"functions":{"total":6,"covered":3,"skipped":0,"pct":50},"statements":{"total":7,"covered":4,"skipped":0,"pct":57.14},"branches":{"total":0,"covered":0,"skipped":0,"pct":100}}
,"C:\\Users\\gomez\\repos\\THESIS\\v.a.m.s\\src\\features\\code-generation\\model\\code-generator.ts": {"lines":{"total":106,"covered":104,"skipped":0,"pct":98.11},"functions":{"total":7,"covered":7,"skipped":0,"pct":100},"statements":{"total":114,"covered":112,"skipped":0,"pct":98.24},"branches":{"total":63,"covered":60,"skipped":0,"pct":95.23}}
,"C:\\Users\\gomez\\repos\\THESIS\\v.a.m.s\\src\\features\\code-generation\\model\\generate-from-state.ts": {"lines":{"total":20,"covered":20,"skipped":0,"pct":100},"functions":{"total":10,"covered":10,"skipped":0,"pct":100},"statements":{"total":25,"covered":23,"skipped":0,"pct":92},"branches":{"total":14,"covered":11,"skipped":0,"pct":78.57}}
,"C:\\Users\\gomez\\repos\\THESIS\\v.a.m.s\\src\\features\\code-generation\\model\\generator\\buffers.ts": {"lines":{"total":199,"covered":164,"skipped":0,"pct":82.41},"functions":{"total":18,"covered":17,"skipped":0,"pct":94.44},"statements":{"total":220,"covered":177,"skipped":0,"pct":80.45},"branches":{"total":103,"covered":70,"skipped":0,"pct":67.96}}
,"C:\\Users\\gomez\\repos\\THESIS\\v.a.m.s\\src\\features\\code-generation\\model\\generator\\render.ts": {"lines":{"total":82,"covered":82,"skipped":0,"pct":100},"functions":{"total":9,"covered":9,"skipped":0,"pct":100},"statements":{"total":86,"covered":86,"skipped":0,"pct":100},"branches":{"total":53,"covered":48,"skipped":0,"pct":90.56}}
,"C:\\Users\\gomez\\repos\\THESIS\\v.a.m.s\\src\\features\\code-generation\\model\\generator\\state.ts": {"lines":{"total":19,"covered":19,"skipped":0,"pct":100},"functions":{"total":2,"covered":2,"skipped":0,"pct":100},"statements":{"total":19,"covered":19,"skipped":0,"pct":100},"branches":{"total":0,"covered":0,"skipped":0,"pct":100}}
,"C:\\Users\\gomez\\repos\\THESIS\\v.a.m.s\\src\\features\\code-generation\\model\\generator\\textures.ts": {"lines":{"total":48,"covered":48,"skipped":0,"pct":100},"functions":{"total":7,"covered":7,"skipped":0,"pct":100},"statements":{"total":52,"covered":48,"skipped":0,"pct":92.3},"branches":{"total":24,"covered":19,"skipped":0,"pct":79.16}}
,"C:\\Users\\gomez\\repos\\THESIS\\v.a.m.s\\src\\features\\code-generation\\model\\generator\\utils.ts": {"lines":{"total":19,"covered":19,"skipped":0,"pct":100},"functions":{"total":4,"covered":4,"skipped":0,"pct":100},"statements":{"total":21,"covered":21,"skipped":0,"pct":100},"branches":{"total":6,"covered":5,"skipped":0,"pct":83.33}}
}
